[
    [
        "POST",
        "\/auth\/register",
        [
            {},
            "register"
        ]
    ],
    [
        "POST",
        "\/auth\/login",
        [
            {},
            "login"
        ]
    ],
    [
        "POST",
        "\/auth\/logout",
        [
            {},
            "logout"
        ]
    ],
    [
        "POST",
        "\/auth\/password-reset\/request",
        [
            {},
            "requestPasswordReset"
        ]
    ],
    [
        "POST",
        "\/auth\/password-reset",
        [
            {},
            "resetPassword"
        ]
    ],
    [
        "GET",
        "\/student\/courses",
        [
            {},
            "getCourses"
        ]
    ],
    [
        "GET",
        "\/student\/messages",
        [
            {},
            "getMyMessages"
        ]
    ],
    [
        "POST",
        "\/student\/message\/send",
        [
            {},
            "sendMessage"
        ]
    ],
    [
        "GET",
        "\/lecturer\/courses",
        [
            {},
            "getCourses"
        ]
    ],
    [
        "POST",
        "\/lecturer\/messages",
        [
            {},
            "getMessagesForCourse"
        ]
    ],
    [
        "POST",
        "\/lecturer\/message\/reply",
        [
            {},
            "replyToMessage"
        ]
    ],
    [
        "POST",
        "\/lecturer\/message\/resolve",
        [
            {},
            "markMessageAsResolved"
        ]
    ],
    [
        "GET",
        "\/admin\/users",
        [
            {},
            "getAllUsers"
        ]
    ],
    [
        "POST",
        "\/admin\/user\/delete",
        [
            {},
            "deleteUser"
        ]
    ],
    [
        "GET",
        "\/admin\/messages\/reported",
        [
            {},
            "getReportedMessages"
        ]
    ],
    [
        "POST",
        "\/admin\/message\/delete",
        [
            {},
            "deleteMessage"
        ]
    ],
    [
        "POST",
        "\/admin\/message\/update",
        [
            {},
            "updateMessage"
        ]
    ],
    [
        "GET",
        "\/admin\/user\/details",
        [
            {},
            "getUserDetails"
        ]
    ],
    [
        "POST",
        "\/guest\/messages\/view",
        [
            {},
            "viewMessages"
        ]
    ],
    [
        "POST",
        "\/guest\/messages\/report",
        [
            {},
            "reportMessage"
        ]
    ],
    [
        "POST",
        "\/guest\/messages\/comment",
        [
            {},
            "addComment"
        ]
    ],
    [
        "GET",
        "\/debug\/routes",
        {}
    ]
]