[
    [
        "POST",
        "\/api\/v1\/auth\/register",
        [
            {},
            "register"
        ]
    ],
    [
        "POST",
        "\/api\/v1\/auth\/login",
        [
            {},
            "login"
        ]
    ],
    [
        "GET",
        "\/api\/v1\/auth\/logout",
        [
            {},
            "logout"
        ]
    ],
    [
        "GET",
        "\/api\/v1\/lecturer\/messages",
        [
            {},
            "getMessages"
        ]
    ],
    [
        "POST",
        "\/api\/v1\/lecturer\/message\/reply",
        [
            {},
            "sendReply"
        ]
    ],
    [
        "GET",
        "\/api\/v1\/guest\/authorize",
        [
            {},
            "authorizePin"
        ]
    ],
    [
        "GET",
        "\/debug\/routes",
        {}
    ]
]